[debug] [2026-03-29T07:10:01.214Z] ----------------------------------------------------------------------
[debug] [2026-03-29T07:10:01.217Z] Command:       C:\Program Files\nodejs\node.exe C:\Users\Busin\AppData\Roaming\npm\node_modules\firebase-tools\lib\bin\firebase.js projects:list
[debug] [2026-03-29T07:10:01.217Z] CLI Version:   15.11.0
[debug] [2026-03-29T07:10:01.217Z] Platform:      win32
[debug] [2026-03-29T07:10:01.218Z] Node Version:  v24.14.0
[debug] [2026-03-29T07:10:01.218Z] Time:          Sun Mar 29 2026 02:10:01 GMT-0500 (Central Daylight Time)
[debug] [2026-03-29T07:10:01.218Z] ----------------------------------------------------------------------
[debug] 
[debug] [2026-03-29T07:10:01.229Z] > command requires scopes: ["email","openid","https://www.googleapis.com/auth/cloudplatformprojects.readonly","https://www.googleapis.com/auth/firebase","https://www.googleapis.com/auth/cloud-platform"]
[debug] [2026-03-29T07:10:01.229Z] > authorizing via signed-in user (business.dc91@gmail.com)
[debug] [2026-03-29T07:10:01.233Z] Checked if tokens are valid: true, expires at: 1774769162918
[debug] [2026-03-29T07:10:01.234Z] Checked if tokens are valid: true, expires at: 1774769162918
[debug] [2026-03-29T07:10:01.235Z] >>> [apiv2][query] GET https://firebase.googleapis.com/v1beta1/projects pageSize=1000
[debug] [2026-03-29T07:10:01.872Z] <<< [apiv2][status] GET https://firebase.googleapis.com/v1beta1/projects 200
[debug] [2026-03-29T18:09:06.975Z] ----------------------------------------------------------------------
[debug] [2026-03-29T18:09:06.978Z] Command:       C:\Program Files\nodejs\node.exe C:\Users\Busin\AppData\Roaming\npm\node_modules\firebase-tools\lib\bin\firebase.js projects:list
[debug] [2026-03-29T18:09:06.978Z] CLI Version:   15.11.0
[debug] [2026-03-29T18:09:06.979Z] Platform:      win32
[debug] [2026-03-29T18:09:06.979Z] Node Version:  v24.14.0
[debug] [2026-03-29T18:09:06.980Z] Time:          Sun Mar 29 2026 13:09:06 GMT-0500 (Central Daylight Time)
[debug] [2026-03-29T18:09:06.980Z] ----------------------------------------------------------------------
[debug] 
[debug] [2026-03-29T18:09:06.988Z] > command requires scopes: ["email","openid","https://www.googleapis.com/auth/cloudplatformprojects.readonly","https://www.googleapis.com/auth/firebase","https://www.googleapis.com/auth/cloud-platform"]
[debug] [2026-03-29T18:09:06.989Z] > authorizing via signed-in user (business.dc91@gmail.com)
[debug] [2026-03-29T18:09:06.993Z] Checked if tokens are valid: true, expires at: 1774809441711
[debug] [2026-03-29T18:09:06.993Z] Checked if tokens are valid: true, expires at: 1774809441711
[debug] [2026-03-29T18:09:06.995Z] >>> [apiv2][query] GET https://firebase.googleapis.com/v1beta1/projects pageSize=1000
[debug] [2026-03-29T18:09:07.546Z] <<< [apiv2][status] GET https://firebase.googleapis.com/v1beta1/projects 200
[debug] [2026-03-29T18:09:07.546Z] <<< [apiv2][body] GET https://firebase.googleapis.com/v1beta1/projects [omitted]
[info] ┌──────────────────────┬─────────────────────────┬────────────────┬──────────────────────┐
│ Project Display Name │ Project ID              │ Project Number │ Resource Location ID │
├──────────────────────┼─────────────────────────┼────────────────┼──────────────────────┤
│ AuraNova Live        │ auranova-live           │ 777880858734   │ [Not specified]      │
├──────────────────────┼─────────────────────────┼────────────────┼──────────────────────┤
│ AuraxNovaOS          │ auraxnovaos             │ 470026177564   │ [Not specified]      │
├──────────────────────┼─────────────────────────┼────────────────┼──────────────────────┤
│ Novaura systems      │ novaura-systems         │ 279861836116   │ [Not specified]      │
├──────────────────────┼─────────────────────────┼────────────────┼──────────────────────┤
│ Project Aura Nova    │ project-aura-nova       │ 314262465346   │ [Not specified]      │
├──────────────────────┼─────────────────────────┼────────────────┼──────────────────────┤
│ Firebase app         │ studio-6938720730-180af │ 942763982326   │ [Not specified]      │
├──────────────────────┼─────────────────────────┼────────────────┼──────────────────────┤
│ Firebase app         │ studio-705941970-d7995  │ 360605686326   │ [Not specified]      │
├──────────────────────┼─────────────────────────┼────────────────┼──────────────────────┤
│ Aura Nova Studios    │ studio-7394786634-2a6e0 │ 635304191484   │ [Not specified]      │
├──────────────────────┼─────────────────────────┼────────────────┼──────────────────────┤
│ Firebase app         │ studio-9201920763-69783 │ 491080183922   │ [Not specified]      │
├──────────────────────┼─────────────────────────┼────────────────┼──────────────────────┤
│ Firebase app         │ studio-9480245107-12772 │ 265876598418   │ [Not specified]      │
└──────────────────────┴─────────────────────────┴────────────────┴──────────────────────┘
[info] 
[info] 9 project(s) total.
